Unity Editor version:    2021.3.11f1 (0a5ca18544bf)
Branch:                  2021.3/staging
Build type:              Release
Batch mode:              YES
macOS version:           Version 12.6 (Build 21G115)
Darwin version:          21.6.0
Architecture:            arm64
Running under Rosetta:   NO
Available memory:        16384 MB
Using pre-set license
Pro License: YES

COMMAND LINE ARGUMENTS:
/Applications/Unity/Hub/Editor/2021.3.11f1/Unity.app/Contents/MacOS/Unity
-adb2
-batchMode
-noUpm
-name
AssetImportWorker0
-projectPath
/Users/sampomerantz/hackharvard1
-logFile
Logs/AssetImportWorker0.log
-srvPort
50813
Successfully changed project path to: /Users/sampomerantz/hackharvard1
/Users/sampomerantz/hackharvard1
[UnityMemory] Configuration Parameters - Can be set up in boot.config
    "memorysetup-bucket-allocator-granularity=16"
    "memorysetup-bucket-allocator-bucket-count=8"
    "memorysetup-bucket-allocator-block-size=33554432"
    "memorysetup-bucket-allocator-block-count=8"
    "memorysetup-main-allocator-block-size=16777216"
    "memorysetup-thread-allocator-block-size=16777216"
    "memorysetup-gfx-main-allocator-block-size=16777216"
    "memorysetup-gfx-thread-allocator-block-size=16777216"
    "memorysetup-cache-allocator-block-size=4194304"
    "memorysetup-typetree-allocator-block-size=2097152"
    "memorysetup-profiler-bucket-allocator-granularity=16"
    "memorysetup-profiler-bucket-allocator-bucket-count=8"
    "memorysetup-profiler-bucket-allocator-block-size=33554432"
    "memorysetup-profiler-bucket-allocator-block-count=8"
    "memorysetup-profiler-allocator-block-size=16777216"
    "memorysetup-profiler-editor-allocator-block-size=1048576"
    "memorysetup-temp-allocator-size-main=16777216"
    "memorysetup-job-temp-allocator-block-size=2097152"
    "memorysetup-job-temp-allocator-block-size-background=1048576"
    "memorysetup-job-temp-allocator-reduction-small-platforms=262144"
    "memorysetup-temp-allocator-size-background-worker=32768"
    "memorysetup-temp-allocator-size-job-worker=262144"
    "memorysetup-temp-allocator-size-preload-manager=33554432"
    "memorysetup-temp-allocator-size-nav-mesh-worker=65536"
    "memorysetup-temp-allocator-size-audio-worker=65536"
    "memorysetup-temp-allocator-size-cloud-worker=32768"
    "memorysetup-temp-allocator-size-gi-baking-worker=262144"
    "memorysetup-temp-allocator-size-gfx=262144"
Refreshing native plugins compatible for Editor in 123.67 ms, found 5 plugins.
Plugins: Couldn't open Assets/Oculus/Spatializer/Plugins/AudioPluginOculusSpatializer.bundle/Contents/MacOS/AudioPluginOculusSpatializer, error: dlopen(Assets/Oculus/Spatializer/Plugins/AudioPluginOculusSpatializer.bundle/Contents/MacOS/AudioPluginOculusSpatializer, 0x0002): Library not loaded: '@rpath/libthird-party_pffft_pffft.dylib'
  Referenced from: '/Users/sampomerantz/hackharvard1/Assets/Oculus/Spatializer/Plugins/AudioPluginOculusSpatializer.bundle/Contents/MacOS/AudioPluginOculusSpatializer'
  Reason: tried: '/Applications/Unity/Hub/Editor/2021.3.11f1/Unity.app/Contents/MacOS/../Frameworks/libthird-party_pffft_pffft.dylib' (no such file), '/Applications/Unity/Hub/Editor/2021.3.11f1/Unity.app/Contents/MacOS/../Frameworks/libthird-party_pffft_pffft.dylib' (no such file), '/usr/local/lib/libthird-party_pffft_pffft.dylib' (no such file), '/usr/lib/libthird-party_pffft_pffft.dylib' (no such file)
Preloading 1 native plugins for Editor in 1.15 ms.
Initialize engine version: 2021.3.11f1 (0a5ca18544bf)
[Subsystems] Discovering subsystems at path /Applications/Unity/Hub/Editor/2021.3.11f1/Unity.app/Contents/Resources/UnitySubsystems
[Subsystems] Discovering subsystems at path /Users/sampomerantz/hackharvard1/Assets
GfxDevice: creating device client; threaded=0; jobified=0
 preferred device: Apple M1 Pro (high power)
Metal devices available: 1
0: Apple M1 Pro (high power)
Using device Apple M1 Pro (high power)
Initializing Metal device caps: Apple M1 Pro
Shader 'Oculus/OVRMRCameraFrameLit': fallback shader 'Alpha-Diffuse' not found
Initialize mono
Mono path[0] = '/Applications/Unity/Hub/Editor/2021.3.11f1/Unity.app/Contents/Managed'
Mono path[1] = '/Applications/Unity/Hub/Editor/2021.3.11f1/Unity.app/Contents/MonoBleedingEdge/lib/mono/unityjit-macos'
Mono config path = '/Applications/Unity/Hub/Editor/2021.3.11f1/Unity.app/Contents/MonoBleedingEdge/etc'
Using monoOptions --debugger-agent=transport=dt_socket,embedding=1,server=y,suspend=n,address=127.0.0.1:56554
Begin MonoManager ReloadAssembly
Registering precompiled unity dll's ...
Register platform support module: /Applications/Unity/Hub/Editor/2021.3.11f1/PlaybackEngines/WebGLSupport/UnityEditor.WebGL.Extensions.dll
Register platform support module: /Applications/Unity/Hub/Editor/2021.3.11f1/Unity.app/Contents/PlaybackEngines/MacStandaloneSupport/UnityEditor.OSXStandalone.Extensions.dll
Register platform support module: /Applications/Unity/Hub/Editor/2021.3.11f1/PlaybackEngines/AndroidPlayer/UnityEditor.Android.Extensions.dll
Registered in 0.002538 seconds.
Native extension for Android target not found
Native extension for OSXStandalone target not found
Native extension for WebGL target not found
Refreshing native plugins compatible for Editor in 105.37 ms, found 5 plugins.
Plugins: Couldn't open /Users/sampomerantz/hackharvard1/Assets/Oculus/Spatializer/Plugins/AudioPluginOculusSpatializer.bundle/Contents/MacOS/AudioPluginOculusSpatializer, error: dlopen(/Users/sampomerantz/hackharvard1/Assets/Oculus/Spatializer/Plugins/AudioPluginOculusSpatializer.bundle/Contents/MacOS/AudioPluginOculusSpatializer, 0x0002): Library not loaded: '@rpath/libthird-party_pffft_pffft.dylib'
  Referenced from: '/Users/sampomerantz/hackharvard1/Assets/Oculus/Spatializer/Plugins/AudioPluginOculusSpatializer.bundle/Contents/MacOS/AudioPluginOculusSpatializer'
  Reason: tried: '/Applications/Unity/Hub/Editor/2021.3.11f1/Unity.app/Contents/MacOS/../Frameworks/libthird-party_pffft_pffft.dylib' (no such file), '/Applications/Unity/Hub/Editor/2021.3.11f1/Unity.app/Contents/MacOS/../Frameworks/libthird-party_pffft_pffft.dylib' (no such file), '/usr/local/lib/libthird-party_pffft_pffft.dylib' (no such file), '/usr/lib/libthird-party_pffft_pffft.dylib' (no such file)
Preloading 1 native plugins for Editor in 0.25 ms.
Mono: successfully reloaded assembly
- Completed reload, in  0.477 seconds
Domain Reload Profiling:
	ReloadAssembly (478ms)
		BeginReloadAssembly (60ms)
			ExecutionOrderSort (0ms)
			DisableScriptedObjects (0ms)
			BackupInstance (0ms)
			ReleaseScriptingObjects (0ms)
			CreateAndSetChildDomain (0ms)
		EndReloadAssembly (342ms)
			LoadAssemblies (61ms)
			RebuildTransferFunctionScriptingTraits (0ms)
			SetupTypeCache (75ms)
			ReleaseScriptCaches (0ms)
			RebuildScriptCaches (21ms)
			SetupLoadedEditorAssemblies (217ms)
				LogAssemblyErrors (0ms)
				InitializePlatformSupportModulesInManaged (30ms)
				SetLoadedEditorAssemblies (0ms)
				RefreshPlugins (106ms)
				BeforeProcessingInitializeOnLoad (1ms)
				ProcessInitializeOnLoadAttributes (54ms)
				ProcessInitializeOnLoadMethodAttributes (26ms)
				AfterProcessingInitializeOnLoad (0ms)
				EditorAssembliesLoaded (0ms)
			ExecutionOrderSort2 (0ms)
			AwakeInstancesAfterBackupRestoration (0ms)
Platform modules already initialized, skipping
Registering precompiled user dll's ...
Registered in 0.004255 seconds.
Begin MonoManager ReloadAssembly
Symbol file LoadedFromMemory doesn't match image /Users/sampomerantz/hackharvard1/Library/PackageCache/com.unity.visualscripting@1.7.8/Editor/VisualScripting.Core/Dependencies/DotNetZip/Unity.VisualScripting.IonicZip.dll
Symbol file LoadedFromMemory doesn't match image /Users/sampomerantz/hackharvard1/Library/PackageCache/com.unity.visualscripting@1.7.8/Editor/VisualScripting.Core/Dependencies/YamlDotNet/Unity.VisualScripting.YamlDotNet.dll
Native extension for Android target not found
Native extension for OSXStandalone target not found
Native extension for WebGL target not found
Refreshing native plugins compatible for Editor in 0.67 ms, found 5 plugins.
Plugins: Couldn't open /Users/sampomerantz/hackharvard1/Assets/Oculus/Spatializer/Plugins/AudioPluginOculusSpatializer.bundle/Contents/MacOS/AudioPluginOculusSpatializer, error: dlopen(/Users/sampomerantz/hackharvard1/Assets/Oculus/Spatializer/Plugins/AudioPluginOculusSpatializer.bundle/Contents/MacOS/AudioPluginOculusSpatializer, 0x0002): Library not loaded: '@rpath/libthird-party_pffft_pffft.dylib'
  Referenced from: '/Users/sampomerantz/hackharvard1/Assets/Oculus/Spatializer/Plugins/AudioPluginOculusSpatializer.bundle/Contents/MacOS/AudioPluginOculusSpatializer'
  Reason: tried: '/Applications/Unity/Hub/Editor/2021.3.11f1/Unity.app/Contents/MacOS/../Frameworks/libthird-party_pffft_pffft.dylib' (no such file), '/Applications/Unity/Hub/Editor/2021.3.11f1/Unity.app/Contents/MacOS/../Frameworks/libthird-party_pffft_pffft.dylib' (no such file), '/usr/local/lib/libthird-party_pffft_pffft.dylib' (no such file), '/usr/lib/libthird-party_pffft_pffft.dylib' (no such file)
Preloading 1 native plugins for Editor in 0.33 ms.
Package Manager log level set to [2]
Mono: successfully reloaded assembly
- Completed reload, in  0.857 seconds
Domain Reload Profiling:
	ReloadAssembly (858ms)
		BeginReloadAssembly (160ms)
			ExecutionOrderSort (0ms)
			DisableScriptedObjects (3ms)
			BackupInstance (0ms)
			ReleaseScriptingObjects (0ms)
			CreateAndSetChildDomain (116ms)
		EndReloadAssembly (629ms)
			LoadAssemblies (62ms)
			RebuildTransferFunctionScriptingTraits (0ms)
			SetupTypeCache (197ms)
			ReleaseScriptCaches (4ms)
			RebuildScriptCaches (53ms)
			SetupLoadedEditorAssemblies (281ms)
				LogAssemblyErrors (0ms)
				InitializePlatformSupportModulesInManaged (7ms)
				SetLoadedEditorAssemblies (0ms)
				RefreshPlugins (1ms)
				BeforeProcessingInitializeOnLoad (67ms)
				ProcessInitializeOnLoadAttributes (188ms)
				ProcessInitializeOnLoadMethodAttributes (16ms)
				AfterProcessingInitializeOnLoad (1ms)
				EditorAssembliesLoaded (0ms)
			ExecutionOrderSort2 (0ms)
			AwakeInstancesAfterBackupRestoration (2ms)
Platform modules already initialized, skipping
========================================================================
Worker process is ready to serve import requests
Shader 'Oculus/OVRMRCameraFrameLit': fallback shader 'Alpha-Diffuse' not found
Launching external process: /Applications/Unity/Hub/Editor/2021.3.11f1/Unity.app/Contents/Tools/UnityShaderCompiler
Launched and connected shader compiler UnityShaderCompiler after 0.05 seconds
Refreshing native plugins compatible for Editor in 0.83 ms, found 5 plugins.
Plugins: Couldn't open /Users/sampomerantz/hackharvard1/Assets/Oculus/Spatializer/Plugins/AudioPluginOculusSpatializer.bundle/Contents/MacOS/AudioPluginOculusSpatializer, error: dlopen(/Users/sampomerantz/hackharvard1/Assets/Oculus/Spatializer/Plugins/AudioPluginOculusSpatializer.bundle/Contents/MacOS/AudioPluginOculusSpatializer, 0x0002): Library not loaded: '@rpath/libthird-party_pffft_pffft.dylib'
  Referenced from: '/Users/sampomerantz/hackharvard1/Assets/Oculus/Spatializer/Plugins/AudioPluginOculusSpatializer.bundle/Contents/MacOS/AudioPluginOculusSpatializer'
  Reason: tried: '/Applications/Unity/Hub/Editor/2021.3.11f1/Unity.app/Contents/MacOS/../Frameworks/libthird-party_pffft_pffft.dylib' (no such file), '/Applications/Unity/Hub/Editor/2021.3.11f1/Unity.app/Contents/MacOS/../Frameworks/libthird-party_pffft_pffft.dylib' (no such file), '/usr/local/lib/libthird-party_pffft_pffft.dylib' (no such file), '/usr/lib/libthird-party_pffft_pffft.dylib' (no such file)
Preloading 1 native plugins for Editor in 0.30 ms.
Unloading 4821 Unused Serialized files (Serialized files now loaded: 0)
Unloading 59 unused Assets / (223.0 KB). Loaded Objects now: 5273.
Memory consumption went from 320.3 MB to 320.1 MB.
Total: 2.661458 ms (FindLiveObjects: 0.155417 ms CreateObjectMapping: 0.062125 ms MarkObjects: 2.287334 ms  DeleteObjects: 0.156042 ms)

AssetImportParameters requested are different than current active one (requested -> active):
  custom:video-decoder-ogg-theora: a1e56fd34408186e4bbccfd4996cb3dc -> 
  custom:container-muxer-webm: aa71ff27fc2769a1b78a27578f13a17b -> 
  custom:container-demuxer-webm: 4f35f7cbe854078d1ac9338744f61a02 -> 
  custom:video-encoder-webm-vp8: eb34c28f22e8b96e1ab97ce403110664 -> 
  custom:framework-osx-AVFoundation: e770b220cccbd017edd2c1fefb359320 -> 
  custom:audio-encoder-webm-vorbis: bf7c407c2cedff20999df2af8eb42d56 -> 
  custom:container-demuxer-ogg: 62fdf1f143b41e24485cea50d1cbac27 -> 
  custom:video-decoder-webm-vp8: 9c59270c3fd7afecdb556c50c9e8de78 -> 
  custom:audio-decoder-ogg-vorbis: bf7c407c2cedff20999df2af8eb42d56 -> 
========================================================================
Received Import Request.
  Time since last request: 1823570.042156 seconds.
  path: Assets/Oculus/LipSync/Models/FemaleHead_Morph/Female.fbx
  artifactKey: Guid(cbaf1c32e7ec84f10a51be1b09c0ef46) Importer(815301076,1909f56bfc062723c751e8b465ee728b)
Start importing Assets/Oculus/LipSync/Models/FemaleHead_Morph/Female.fbx using Guid(cbaf1c32e7ec84f10a51be1b09c0ef46) Importer(815301076,1909f56bfc062723c751e8b465ee728b)  -> (artifact id: '3532141d5ebc52ab160b1ee4d77c73ee') in 0.974328 seconds 
========================================================================
Received Import Request.
  Time since last request: 1.123469 seconds.
  path: Assets/Oculus/Interaction/Runtime/Scripts/Interaction/Core/IRigidbodyRef.cs
  artifactKey: Guid(901de7ebb9bd1624bbfb64a09629a730) Importer(815301076,1909f56bfc062723c751e8b465ee728b)
Start importing Assets/Oculus/Interaction/Runtime/Scripts/Interaction/Core/IRigidbodyRef.cs using Guid(901de7ebb9bd1624bbfb64a09629a730) Importer(815301076,1909f56bfc062723c751e8b465ee728b)  -> (artifact id: '14320846496e2c2aa48ae9bbaee4ef27') in 0.089838 seconds 
========================================================================
Received Import Request.
  Time since last request: 6.449902 seconds.
  path: Packages/com.unity.collab-proxy/Editor/Collaborate/Assets/Styles/BetterTextField.uss
  artifactKey: Guid(1526405b75c937f4b9f26bef99e5e692) Importer(815301076,1909f56bfc062723c751e8b465ee728b)
Start importing Packages/com.unity.collab-proxy/Editor/Collaborate/Assets/Styles/BetterTextField.uss using Guid(1526405b75c937f4b9f26bef99e5e692) Importer(815301076,1909f56bfc062723c751e8b465ee728b)  -> (artifact id: '4c9c8dd69c905c33371bd8d2b7197c11') in 0.035052 seconds 
========================================================================
Received Import Request.
  Time since last request: 0.000044 seconds.
  path: Assets/Oculus/SampleFramework/Core/DebugUI/Prefabs/DebugTextField.prefab
  artifactKey: Guid(1af14ae596d9eeb4b8e4bd30a6c22ad3) Importer(815301076,1909f56bfc062723c751e8b465ee728b)
Start importing Assets/Oculus/SampleFramework/Core/DebugUI/Prefabs/DebugTextField.prefab using Guid(1af14ae596d9eeb4b8e4bd30a6c22ad3) Importer(815301076,1909f56bfc062723c751e8b465ee728b)  -> (artifact id: '9eb263393b53ca60adc295373a276361') in 0.029989 seconds 
========================================================================
Received Import Request.
  Time since last request: 0.000064 seconds.
  path: Assets/Oculus/Platform/Samples/VrHoops/Prefabs/FlyText.prefab
  artifactKey: Guid(bb4775eb616604e329b92c1b4dfbaa5f) Importer(815301076,1909f56bfc062723c751e8b465ee728b)
Start importing Assets/Oculus/Platform/Samples/VrHoops/Prefabs/FlyText.prefab using Guid(bb4775eb616604e329b92c1b4dfbaa5f) Importer(815301076,1909f56bfc062723c751e8b465ee728b)  -> (artifact id: '7cc9fe2d513b1ee7026cb218993befaf') in 0.003147 seconds 
========================================================================
Received Import Request.
  Time since last request: 0.000046 seconds.
  path: Assets/TextMesh Pro/Examples & Extras/Fonts/Oswald-Bold.ttf
  artifactKey: Guid(c9f6d0e7bc8541498c9a4799ba184ede) Importer(815301076,1909f56bfc062723c751e8b465ee728b)
Start importing Assets/TextMesh Pro/Examples & Extras/Fonts/Oswald-Bold.ttf using Guid(c9f6d0e7bc8541498c9a4799ba184ede) Importer(815301076,1909f56bfc062723c751e8b465ee728b)  -> (artifact id: '58610429c0ad1a281121099c6a3b4f5f') in 1.264001 seconds 
========================================================================
Received Import Request.
  Time since last request: 0.000075 seconds.
  path: Assets/Oculus/VR/Textures/cube_texture.png
  artifactKey: Guid(020d1a102a7f2a14ebf6cefe7b977303) Importer(815301076,1909f56bfc062723c751e8b465ee728b)
Start importing Assets/Oculus/VR/Textures/cube_texture.png using Guid(020d1a102a7f2a14ebf6cefe7b977303) Importer(815301076,1909f56bfc062723c751e8b465ee728b)  -> (artifact id: '75d3bd772d277d63c3ac865ab4fe9939') in 0.039722 seconds 
========================================================================
Received Import Request.
  Time since last request: 0.000047 seconds.
  path: Assets/Oculus/SampleFramework/Core/DebugUI/Fonts/Montserrat/Montserrat-MediumItalic.ttf
  artifactKey: Guid(53b4534908f8f324d8ffe0fc5fa5a31f) Importer(815301076,1909f56bfc062723c751e8b465ee728b)
Start importing Assets/Oculus/SampleFramework/Core/DebugUI/Fonts/Montserrat/Montserrat-MediumItalic.ttf using Guid(53b4534908f8f324d8ffe0fc5fa5a31f) Importer(815301076,1909f56bfc062723c751e8b465ee728b)  -> (artifact id: 'b67811892839ec082cb0b4edb1384922') in 0.009771 seconds 
========================================================================
Received Import Request.
  Time since last request: 0.000048 seconds.
  path: Assets/Oculus/SampleFramework/Core/DebugUI/Fonts/Montserrat/Montserrat-Medium.ttf
  artifactKey: Guid(6921a454aa104cf47a67f59c64acaa17) Importer(815301076,1909f56bfc062723c751e8b465ee728b)
Start importing Assets/Oculus/SampleFramework/Core/DebugUI/Fonts/Montserrat/Montserrat-Medium.ttf using Guid(6921a454aa104cf47a67f59c64acaa17) Importer(815301076,1909f56bfc062723c751e8b465ee728b)  -> (artifact id: 'dc7b36655e7f2d8fb202cf73e28e86d2') in 0.008509 seconds 
========================================================================
Received Import Request.
  Time since last request: 0.000052 seconds.
  path: Assets/TextMesh Pro/Examples & Extras/Prefabs/TextMeshPro - Prefab 2.prefab
  artifactKey: Guid(fdad9d952ae84cafb74c63f2e694d042) Importer(815301076,1909f56bfc062723c751e8b465ee728b)
Start importing Assets/TextMesh Pro/Examples & Extras/Prefabs/TextMeshPro - Prefab 2.prefab using Guid(fdad9d952ae84cafb74c63f2e694d042) Importer(815301076,1909f56bfc062723c751e8b465ee728b)  -> (artifact id: '56e1eecaa7b54463d7e59870132cfe0e') in 0.026331 seconds 
========================================================================
Received Import Request.
  Time since last request: 0.000047 seconds.
  path: Packages/com.unity.textmeshpro/Tests/Editor/Unity.TextMeshPro.Editor.Tests.asmdef
  artifactKey: Guid(656e461844099ae43a609ff6109b0877) Importer(815301076,1909f56bfc062723c751e8b465ee728b)
Start importing Packages/com.unity.textmeshpro/Tests/Editor/Unity.TextMeshPro.Editor.Tests.asmdef using Guid(656e461844099ae43a609ff6109b0877) Importer(815301076,1909f56bfc062723c751e8b465ee728b)  -> (artifact id: '379694b18858b5add4975c706afaa105') in 0.022689 seconds 
========================================================================
Received Import Request.
  Time since last request: 0.000049 seconds.
  path: Packages/com.unity.textmeshpro/Tests/Runtime/Unity.TextMeshPro.Tests.asmdef
  artifactKey: Guid(bb05cab7d802aa5468f8f2f86840d984) Importer(815301076,1909f56bfc062723c751e8b465ee728b)
Start importing Packages/com.unity.textmeshpro/Tests/Runtime/Unity.TextMeshPro.Tests.asmdef using Guid(bb05cab7d802aa5468f8f2f86840d984) Importer(815301076,1909f56bfc062723c751e8b465ee728b)  -> (artifact id: '22ad7247159abdfd3906d8999d781c51') in 0.001078 seconds 
========================================================================
Received Import Request.
  Time since last request: 0.000045 seconds.
  path: Packages/com.unity.textmeshpro/Scripts/Runtime/Unity.TextMeshPro.asmdef
  artifactKey: Guid(6055be8ebefd69e48b49212b09b47b2f) Importer(815301076,1909f56bfc062723c751e8b465ee728b)
Start importing Packages/com.unity.textmeshpro/Scripts/Runtime/Unity.TextMeshPro.asmdef using Guid(6055be8ebefd69e48b49212b09b47b2f) Importer(815301076,1909f56bfc062723c751e8b465ee728b)  -> (artifact id: '5ba9af1aeebfc5922f5bb7cda691e688') in 0.000768 seconds 
========================================================================
Received Import Request.
  Time since last request: 0.000047 seconds.
  path: Packages/com.unity.textmeshpro/Scripts/Editor/Unity.TextMeshPro.Editor.asmdef
  artifactKey: Guid(6546d7765b4165b40850b3667f981c26) Importer(815301076,1909f56bfc062723c751e8b465ee728b)
Start importing Packages/com.unity.textmeshpro/Scripts/Editor/Unity.TextMeshPro.Editor.asmdef using Guid(6546d7765b4165b40850b3667f981c26) Importer(815301076,1909f56bfc062723c751e8b465ee728b)  -> (artifact id: '0e4438422ec8abed8e564fbcc7df02a8') in 0.000936 seconds 
========================================================================
Received Import Request.
  Time since last request: 0.000062 seconds.
  path: Assets/TextMesh Pro/Examples & Extras/Prefabs/TextMeshPro - Prefab 1.prefab
  artifactKey: Guid(a6e39ced0ea046bcb636c3f0b2e2a745) Importer(815301076,1909f56bfc062723c751e8b465ee728b)
Start importing Assets/TextMesh Pro/Examples & Extras/Prefabs/TextMeshPro - Prefab 1.prefab using Guid(a6e39ced0ea046bcb636c3f0b2e2a745) Importer(815301076,1909f56bfc062723c751e8b465ee728b)  -> (artifact id: '8e33dfeb692340a1ed43c8755a9d4f3a') in 0.016086 seconds 
========================================================================
Received Import Request.
  Time since last request: 3.620715 seconds.
  path: Assets/TextMesh Pro/Examples & Extras/Scripts/TextMeshProFloatingText.cs
  artifactKey: Guid(a4d4c76e63944cba8c7d00f56334b98c) Importer(815301076,1909f56bfc062723c751e8b465ee728b)
Start importing Assets/TextMesh Pro/Examples & Extras/Scripts/TextMeshProFloatingText.cs using Guid(a4d4c76e63944cba8c7d00f56334b98c) Importer(815301076,1909f56bfc062723c751e8b465ee728b)  -> (artifact id: '9ee84b90a352da0f6118267236314f34') in 0.001013 seconds 
========================================================================
Received Import Request.
  Time since last request: 0.198558 seconds.
  path: Packages/com.unity.textmeshpro/Scripts/Runtime/TextMeshProUGUI.cs
  artifactKey: Guid(f4688fdb7df04437aeb418b961361dc5) Importer(815301076,1909f56bfc062723c751e8b465ee728b)
Start importing Packages/com.unity.textmeshpro/Scripts/Runtime/TextMeshProUGUI.cs using Guid(f4688fdb7df04437aeb418b961361dc5) Importer(815301076,1909f56bfc062723c751e8b465ee728b)  -> (artifact id: '0a85729e316607c61ec93b2cec12d48a') in 0.001794 seconds 
========================================================================
Received Import Request.
  Time since last request: 3.322194 seconds.
  path: Assets/TextMesh Pro/Examples & Extras/Scripts/TextMeshSpawner.cs
  artifactKey: Guid(76c11bbcfddf44e0ba17d6c2751c8d84) Importer(815301076,1909f56bfc062723c751e8b465ee728b)
Start importing Assets/TextMesh Pro/Examples & Extras/Scripts/TextMeshSpawner.cs using Guid(76c11bbcfddf44e0ba17d6c2751c8d84) Importer(815301076,1909f56bfc062723c751e8b465ee728b)  -> (artifact id: '3bd989f669ccb70be25a633fc6f2b968') in 0.001372 seconds 
========================================================================
Received Import Request.
  Time since last request: 1.447665 seconds.
  path: Assets/TextMesh Pro
  artifactKey: Guid(f54d1bd14bd3ca042bd867b519fee8cc) Importer(815301076,1909f56bfc062723c751e8b465ee728b)
Start importing Assets/TextMesh Pro using Guid(f54d1bd14bd3ca042bd867b519fee8cc) Importer(815301076,1909f56bfc062723c751e8b465ee728b)  -> (artifact id: 'f5648c5ef36b7beab651a001a8d08867') in 0.001185 seconds 
========================================================================
Received Import Request.
  Time since last request: 2.219948 seconds.
  path: Assets/TextMesh Pro/Documentation
  artifactKey: Guid(8e7e8f5a82a3a134e91c54efd2274ea9) Importer(815301076,1909f56bfc062723c751e8b465ee728b)
Start importing Assets/TextMesh Pro/Documentation using Guid(8e7e8f5a82a3a134e91c54efd2274ea9) Importer(815301076,1909f56bfc062723c751e8b465ee728b)  -> (artifact id: 'dc497803c0650e980b81bcf651e18b86') in 0.001847 seconds 
========================================================================
Received Import Request.
  Time since last request: 1.668281 seconds.
  path: Assets/TextMesh Pro/Examples & Extras
  artifactKey: Guid(ce51c8e33b734b4db6086586558c53a3) Importer(815301076,1909f56bfc062723c751e8b465ee728b)
Start importing Assets/TextMesh Pro/Examples & Extras using Guid(ce51c8e33b734b4db6086586558c53a3) Importer(815301076,1909f56bfc062723c751e8b465ee728b)  -> (artifact id: 'db2915a3e2f537059c05de7f5fd4958d') in 0.002334 seconds 
========================================================================
Received Import Request.
  Time since last request: 1.580940 seconds.
  path: Assets/TextMesh Pro/Examples & Extras/Fonts
  artifactKey: Guid(b63e0053080646b9819789bf3bf9fa17) Importer(815301076,1909f56bfc062723c751e8b465ee728b)
Start importing Assets/TextMesh Pro/Examples & Extras/Fonts using Guid(b63e0053080646b9819789bf3bf9fa17) Importer(815301076,1909f56bfc062723c751e8b465ee728b)  -> (artifact id: '5b631070529d3b301de3572c3b02e201') in 0.001543 seconds 
========================================================================
Received Import Request.
  Time since last request: 0.071352 seconds.
  path: Assets/TextMesh Pro/Examples & Extras/Fonts/Anton.ttf
  artifactKey: Guid(997a43b767814dd0a7642ec9b78cba41) Importer(815301076,1909f56bfc062723c751e8b465ee728b)
Start importing Assets/TextMesh Pro/Examples & Extras/Fonts/Anton.ttf using Guid(997a43b767814dd0a7642ec9b78cba41) Importer(815301076,1909f56bfc062723c751e8b465ee728b)  -> (artifact id: 'ee9c409d8eb7e20e565832e890039893') in 0.011715 seconds 
========================================================================
Received Import Request.
  Time since last request: 0.000044 seconds.
  path: Assets/TextMesh Pro/Examples & Extras/Fonts/Electronic Highway Sign.TTF
  artifactKey: Guid(8a2b9e2a607dd2143b58c44bc32410b4) Importer(815301076,1909f56bfc062723c751e8b465ee728b)
Start importing Assets/TextMesh Pro/Examples & Extras/Fonts/Electronic Highway Sign.TTF using Guid(8a2b9e2a607dd2143b58c44bc32410b4) Importer(815301076,1909f56bfc062723c751e8b465ee728b)  -> (artifact id: 'f1c1b3e7bc3f2d947b4a65a39bad79bc') in 1.043835 seconds 
========================================================================
Received Prepare
Shader 'Oculus/OVRMRCameraFrameLit': fallback shader 'Alpha-Diffuse' not found
Refreshing native plugins compatible for Editor in 8.96 ms, found 5 plugins.
Plugins: Couldn't open /Users/sampomerantz/hackharvard1/Assets/Oculus/Spatializer/Plugins/AudioPluginOculusSpatializer.bundle/Contents/MacOS/AudioPluginOculusSpatializer, error: dlopen(/Users/sampomerantz/hackharvard1/Assets/Oculus/Spatializer/Plugins/AudioPluginOculusSpatializer.bundle/Contents/MacOS/AudioPluginOculusSpatializer, 0x0002): Library not loaded: '@rpath/libthird-party_pffft_pffft.dylib'
  Referenced from: '/Users/sampomerantz/hackharvard1/Assets/Oculus/Spatializer/Plugins/AudioPluginOculusSpatializer.bundle/Contents/MacOS/AudioPluginOculusSpatializer'
  Reason: tried: '/Applications/Unity/Hub/Editor/2021.3.11f1/Unity.app/Contents/MacOS/../Frameworks/libthird-party_pffft_pffft.dylib' (no such file), '/Applications/Unity/Hub/Editor/2021.3.11f1/Unity.app/Contents/MacOS/../Frameworks/libthird-party_pffft_pffft.dylib' (no such file), '/usr/local/lib/libthird-party_pffft_pffft.dylib' (no such file), '/usr/lib/libthird-party_pffft_pffft.dylib' (no such file)
Preloading 1 native plugins for Editor in 0.61 ms.
Unloading 51 Unused Serialized files (Serialized files now loaded: 0)
Unloading 52 unused Assets / (194.8 KB). Loaded Objects now: 5327.
Memory consumption went from 270.9 MB to 270.7 MB.
Total: 2.927666 ms (FindLiveObjects: 0.183791 ms CreateObjectMapping: 0.064625 ms MarkObjects: 2.544042 ms  DeleteObjects: 0.134459 ms)

AssetImportParameters requested are different than current active one (requested -> active):
  custom:video-decoder-ogg-theora: a1e56fd34408186e4bbccfd4996cb3dc -> 
  custom:container-muxer-webm: aa71ff27fc2769a1b78a27578f13a17b -> 
  custom:container-demuxer-webm: 4f35f7cbe854078d1ac9338744f61a02 -> 
  custom:video-encoder-webm-vp8: eb34c28f22e8b96e1ab97ce403110664 -> 
  custom:framework-osx-AVFoundation: e770b220cccbd017edd2c1fefb359320 -> 
  custom:audio-encoder-webm-vorbis: bf7c407c2cedff20999df2af8eb42d56 -> 
  custom:container-demuxer-ogg: 62fdf1f143b41e24485cea50d1cbac27 -> 
  custom:video-decoder-webm-vp8: 9c59270c3fd7afecdb556c50c9e8de78 -> 
  custom:audio-decoder-ogg-vorbis: bf7c407c2cedff20999df2af8eb42d56 -> 
========================================================================
Received Prepare
Registering precompiled user dll's ...
Registered in 0.001510 seconds.
Begin MonoManager ReloadAssembly
Thread 0x29bf87000 may have been prematurely finalized
Symbol file LoadedFromMemory doesn't match image /Users/sampomerantz/hackharvard1/Library/PackageCache/com.unity.visualscripting@1.7.8/Editor/VisualScripting.Core/Dependencies/DotNetZip/Unity.VisualScripting.IonicZip.dll
Symbol file LoadedFromMemory doesn't match image /Users/sampomerantz/hackharvard1/Library/PackageCache/com.unity.visualscripting@1.7.8/Editor/VisualScripting.Core/Dependencies/YamlDotNet/Unity.VisualScripting.YamlDotNet.dll
Native extension for Android target not found
Native extension for OSXStandalone target not found
Native extension for WebGL target not found
Refreshing native plugins compatible for Editor in 0.91 ms, found 5 plugins.
Plugins: Couldn't open /Users/sampomerantz/hackharvard1/Assets/Oculus/Spatializer/Plugins/AudioPluginOculusSpatializer.bundle/Contents/MacOS/AudioPluginOculusSpatializer, error: dlopen(/Users/sampomerantz/hackharvard1/Assets/Oculus/Spatializer/Plugins/AudioPluginOculusSpatializer.bundle/Contents/MacOS/AudioPluginOculusSpatializer, 0x0002): Library not loaded: '@rpath/libthird-party_pffft_pffft.dylib'
  Referenced from: '/Users/sampomerantz/hackharvard1/Assets/Oculus/Spatializer/Plugins/AudioPluginOculusSpatializer.bundle/Contents/MacOS/AudioPluginOculusSpatializer'
  Reason: tried: '/Applications/Unity/Hub/Editor/2021.3.11f1/Unity.app/Contents/MacOS/../Frameworks/libthird-party_pffft_pffft.dylib' (no such file), '/Applications/Unity/Hub/Editor/2021.3.11f1/Unity.app/Contents/MacOS/../Frameworks/libthird-party_pffft_pffft.dylib' (no such file), '/usr/local/lib/libthird-party_pffft_pffft.dylib' (no such file), '/usr/lib/libthird-party_pffft_pffft.dylib' (no such file)
Preloading 1 native plugins for Editor in 0.33 ms.
Mono: successfully reloaded assembly
- Completed reload, in  0.703 seconds
Domain Reload Profiling:
	ReloadAssembly (704ms)
		BeginReloadAssembly (107ms)
			ExecutionOrderSort (0ms)
			DisableScriptedObjects (3ms)
			BackupInstance (0ms)
			ReleaseScriptingObjects (0ms)
			CreateAndSetChildDomain (47ms)
		EndReloadAssembly (537ms)
			LoadAssemblies (44ms)
			RebuildTransferFunctionScriptingTraits (0ms)
			SetupTypeCache (220ms)
			ReleaseScriptCaches (1ms)
			RebuildScriptCaches (32ms)
			SetupLoadedEditorAssemblies (210ms)
				LogAssemblyErrors (0ms)
				InitializePlatformSupportModulesInManaged (10ms)
				SetLoadedEditorAssemblies (0ms)
				RefreshPlugins (1ms)
				BeforeProcessingInitializeOnLoad (45ms)
				ProcessInitializeOnLoadAttributes (137ms)
				ProcessInitializeOnLoadMethodAttributes (15ms)
				AfterProcessingInitializeOnLoad (1ms)
				EditorAssembliesLoaded (0ms)
			ExecutionOrderSort2 (0ms)
			AwakeInstancesAfterBackupRestoration (2ms)
Platform modules already initialized, skipping
Shader 'Oculus/OVRMRCameraFrameLit': fallback shader 'Alpha-Diffuse' not found
Refreshing native plugins compatible for Editor in 1.93 ms, found 5 plugins.
Plugins: Couldn't open /Users/sampomerantz/hackharvard1/Assets/Oculus/Spatializer/Plugins/AudioPluginOculusSpatializer.bundle/Contents/MacOS/AudioPluginOculusSpatializer, error: dlopen(/Users/sampomerantz/hackharvard1/Assets/Oculus/Spatializer/Plugins/AudioPluginOculusSpatializer.bundle/Contents/MacOS/AudioPluginOculusSpatializer, 0x0002): Library not loaded: '@rpath/libthird-party_pffft_pffft.dylib'
  Referenced from: '/Users/sampomerantz/hackharvard1/Assets/Oculus/Spatializer/Plugins/AudioPluginOculusSpatializer.bundle/Contents/MacOS/AudioPluginOculusSpatializer'
  Reason: tried: '/Applications/Unity/Hub/Editor/2021.3.11f1/Unity.app/Contents/MacOS/../Frameworks/libthird-party_pffft_pffft.dylib' (no such file), '/Applications/Unity/Hub/Editor/2021.3.11f1/Unity.app/Contents/MacOS/../Frameworks/libthird-party_pffft_pffft.dylib' (no such file), '/usr/local/lib/libthird-party_pffft_pffft.dylib' (no such file), '/usr/lib/libthird-party_pffft_pffft.dylib' (no such file)
Preloading 1 native plugins for Editor in 0.30 ms.
Unloading 4716 Unused Serialized files (Serialized files now loaded: 0)
Unloading 51 unused Assets / (192.0 KB). Loaded Objects now: 5330.
Memory consumption went from 362.0 MB to 361.8 MB.
Total: 2.569083 ms (FindLiveObjects: 0.155708 ms CreateObjectMapping: 0.063209 ms MarkObjects: 2.223416 ms  DeleteObjects: 0.125792 ms)

AssetImportParameters requested are different than current active one (requested -> active):
  custom:video-decoder-ogg-theora: a1e56fd34408186e4bbccfd4996cb3dc -> 
  custom:container-muxer-webm: aa71ff27fc2769a1b78a27578f13a17b -> 
  custom:container-demuxer-webm: 4f35f7cbe854078d1ac9338744f61a02 -> 
  custom:video-encoder-webm-vp8: eb34c28f22e8b96e1ab97ce403110664 -> 
  custom:framework-osx-AVFoundation: e770b220cccbd017edd2c1fefb359320 -> 
  custom:audio-encoder-webm-vorbis: bf7c407c2cedff20999df2af8eb42d56 -> 
  custom:container-demuxer-ogg: 62fdf1f143b41e24485cea50d1cbac27 -> 
  custom:video-decoder-webm-vp8: 9c59270c3fd7afecdb556c50c9e8de78 -> 
  custom:audio-decoder-ogg-vorbis: bf7c407c2cedff20999df2af8eb42d56 -> 
========================================================================
Received Prepare
Shader 'Oculus/OVRMRCameraFrameLit': fallback shader 'Alpha-Diffuse' not found
Refreshing native plugins compatible for Editor in 8.71 ms, found 5 plugins.
Plugins: Couldn't open /Users/sampomerantz/hackharvard1/Assets/Oculus/Spatializer/Plugins/AudioPluginOculusSpatializer.bundle/Contents/MacOS/AudioPluginOculusSpatializer, error: dlopen(/Users/sampomerantz/hackharvard1/Assets/Oculus/Spatializer/Plugins/AudioPluginOculusSpatializer.bundle/Contents/MacOS/AudioPluginOculusSpatializer, 0x0002): Library not loaded: '@rpath/libthird-party_pffft_pffft.dylib'
  Referenced from: '/Users/sampomerantz/hackharvard1/Assets/Oculus/Spatializer/Plugins/AudioPluginOculusSpatializer.bundle/Contents/MacOS/AudioPluginOculusSpatializer'
  Reason: tried: '/Applications/Unity/Hub/Editor/2021.3.11f1/Unity.app/Contents/MacOS/../Frameworks/libthird-party_pffft_pffft.dylib' (no such file), '/Applications/Unity/Hub/Editor/2021.3.11f1/Unity.app/Contents/MacOS/../Frameworks/libthird-party_pffft_pffft.dylib' (no such file), '/usr/local/lib/libthird-party_pffft_pffft.dylib' (no such file), '/usr/lib/libthird-party_pffft_pffft.dylib' (no such file)
Preloading 1 native plugins for Editor in 0.29 ms.
Unloading 51 Unused Serialized files (Serialized files now loaded: 0)
Unloading 51 unused Assets / (200.2 KB). Loaded Objects now: 5330.
Memory consumption went from 268.9 MB to 268.7 MB.
Total: 2.398000 ms (FindLiveObjects: 0.162834 ms CreateObjectMapping: 0.066708 ms MarkObjects: 2.040000 ms  DeleteObjects: 0.128000 ms)

AssetImportParameters requested are different than current active one (requested -> active):
  custom:video-decoder-ogg-theora: a1e56fd34408186e4bbccfd4996cb3dc -> 
  custom:container-muxer-webm: aa71ff27fc2769a1b78a27578f13a17b -> 
  custom:container-demuxer-webm: 4f35f7cbe854078d1ac9338744f61a02 -> 
  custom:video-encoder-webm-vp8: eb34c28f22e8b96e1ab97ce403110664 -> 
  custom:framework-osx-AVFoundation: e770b220cccbd017edd2c1fefb359320 -> 
  custom:audio-encoder-webm-vorbis: bf7c407c2cedff20999df2af8eb42d56 -> 
  custom:container-demuxer-ogg: 62fdf1f143b41e24485cea50d1cbac27 -> 
  custom:video-decoder-webm-vp8: 9c59270c3fd7afecdb556c50c9e8de78 -> 
  custom:audio-decoder-ogg-vorbis: bf7c407c2cedff20999df2af8eb42d56 -> 
